J9q0H9jzox
1111

AbcZkphjSF
2222
555-555-1234
WWUkmsoKUG
1111

IUdzNb9WMs
2222
555-555-1234
72zYUl18QH
1111

ucGyyKL85K
2222
555-555-1234
4c2rdexlNl
1111

oBDB7Vukga
2222
555-555-1234
nDROZsFieO
1111

9HThSRPDd1
2222
555-555-1234
EcBCRl7wH6
1111

BVftzxN1Je
2222
555-555-1234
ZNa3DHja2F
1111

yVqKDPCC8x
2222
555-555-1234
Um69p2ebaa
1111

M7RYJgoU68
2222
555-555-1234
HMrbf7btzb
1111

QTpscbX27S
2222
555-555-1234
cZ00EOjYLr
1111

jZrCvXs7PJ
2222
555-555-1234
P4gT8WCNos
1111

Xrg9u65mwL
2222
555-555-1234
OwjRPPpoqu
1111

9A6bgTBUSg
2222
555-555-1234
gnoR3Hlx58
1111

Z6mk28L19P
2222
555-555-1234
NISPpOuFHJ
1111

gfhWCSN7xy
2222
555-555-1234
vNmsWqghtx
1111

BGDDA6LGcr
2222
555-555-1234
NDtZME7d8o
1111

v3Nkwlhm5w
2222
555-555-1234
I2GiHNYHFM
1111

wElEHUmdng
2222
555-555-1234
SXPIMjEzU0
1111

yNEnJzPCZA
2222
555-555-1234
VheQMnXd27
1111

VZYGb0NWPJ
2222
555-555-1234
1KYy8eIUP0
1111

KmoMec2bnn
2222
555-555-1234
wqNNGQU0pY
1111

P6E2s8kAHD
2222
555-555-1234
LVexScGgGp
1111

JaVjTfVP4x
2222
555-555-1234
xzPsJSzsQG
1111

W2lIi4JGYq
2222
555-555-1234
XAFUhI3rvN
1111

jalAovDfPL
2222
555-555-1234
wZYxv9IoZp
1111

iPktCVOTqV
2222
555-555-1234
JLFSn6Jpkz
1111

szxS3r6lMH
2222
555-555-1234
pnMX0unLQV
1111

SvRtNEUkqY
2222
555-555-1234
1CSUXYV93l
1111

GXxjmEczNO
2222
555-555-1234
4eiozCsGx2
1111

1HUCdrYeH8
2222
555-555-1234
24xkZOBUXW
1111

2s7w5G48bZ
2222
555-555-1234
g8e3B0Up7T
1111

oVycUTpVHQ
2222
555-555-1234
hkngrGln9x
1111

RLl5t77iJ0
2222
555-555-1234
8o6ZWjOJ2x
1111

2l6t4iQfgh
2222
555-555-1234
2AWAUyPbag
1111

eh22s7VMI7
2222
555-555-1234
vJgvOTxCEp
1111

ZKyc0YQCdN
2222
555-555-1234
boES0m3udR
1111

0OC21ttH0u
2222
555-555-1234
7kM3gEdFkt
1111

D2hnaPjzGh
2222
555-555-1234
AoU0KnfXpU
1111

Pk6UECKCJQ
2222
555-555-1234
xb3Ss88jjE
1111

zpgNmqbzJC
2222
555-555-1234
dMdlrWsWpO
1111

wmGemK3IoE
2222
555-555-1234
Boc1RABPc9
1111

en6iLmEnOK
2222
555-555-1234
E5ieLW3K8v
1111

fGf3ojgynU
2222
555-555-1234
Ng7cFxLqaV
1111

43ZYpAYqJb
2222
555-555-1234
LybOYJKEwq
1111

WGiR8gLlvK
2222
555-555-1234
lU8vsfTeLy
1111

ZjlMT607pu
2222
555-555-1234
6YLxVAJQ0z
1111

SaYJk5a2LW
2222
555-555-1234
vtc8eI2VsR
1111

4gNQZNmKMv
2222
555-555-1234
y7z51d7Ozq
1111

RJCdvXcRJB
2222
555-555-1234
0D0oAZoMYx
1111

ev9pYRhYU7
2222
555-555-1234
R8r3UVo26S
1111

53ZFlmnjuL
2222
555-555-1234
